2020-12-24T15:14:17.291+0800	WARN	handler/handler.go:40	Got Some Error At InputID, InputID:%!s(int=0)
2020-12-24T15:14:18.651+0800	WARN	handler/handler.go:40	Got Some Error At InputID, InputID:%!s(int=0)
2020-12-24T15:14:19.128+0800	WARN	handler/handler.go:40	Got Some Error At InputID, InputID:%!s(int=0)
2020-12-24T15:14:19.463+0800	WARN	handler/handler.go:40	Got Some Error At InputID, InputID:%!s(int=0)
2020-12-24T15:14:19.766+0800	WARN	handler/handler.go:40	Got Some Error At InputID, InputID:%!s(int=0)
2020-12-24T15:14:21.567+0800	WARN	handler/handler.go:40	Got Some Error At InputID, InputID:%!s(int=0)
2020-12-24T15:14:22.122+0800	WARN	handler/handler.go:40	Got Some Error At InputID, InputID:%!s(int=0)
2020-12-24T15:14:22.662+0800	WARN	handler/handler.go:40	Got Some Error At InputID, InputID:%!s(int=0)
2020-12-24T15:14:23.186+0800	WARN	handler/handler.go:40	Got Some Error At InputID, InputID:%!s(int=0)
2020-12-24T15:14:23.732+0800	WARN	handler/handler.go:40	Got Some Error At InputID, InputID:%!s(int=0)
2020-12-24T15:14:24.310+0800	WARN	handler/handler.go:40	Got Some Error At InputID, InputID:%!s(int=0)
2020-12-24T16:29:09.696+0800	INFO	handler/handler.go:163	Trying to Query All Orders 
2020-12-24T16:30:19.353+0800	INFO	handler/handler.go:84	Trying to Create Order 
2020-12-24T16:31:10.560+0800	INFO	handler/handler.go:113	Trying to Update Order By OrderNo : OrderNo =139
2020-12-24T16:31:30.032+0800	INFO	handler/handler.go:141	Trying to Query Order By InputID : InputID =139
2020-12-24T16:31:54.413+0800	INFO	handler/handler.go:195	Trying to Query Order By UserName : UserName =条五
2020-12-24T16:32:20.414+0800	INFO	handler/handler.go:215	Trying to Export Data As Excel File 
2020-12-24T16:32:20.414+0800	INFO	handler/handler.go:287	Trying to Query All Orders 
2020-12-24T16:32:42.201+0800	INFO	handler/handler.go:243	Trying to Query Order By OrderID : OrderID =139
2020-12-24T16:32:42.202+0800	ERROR	handler/handler.go:347	Fail to Upload File : Error = no multipart boundary param in Content-Type
2020-12-24T16:32:42.202+0800	INFO	handler/handler.go:259	Trying to Update Order By OrderID : OrderID =139
2020-12-24T16:33:05.683+0800	INFO	handler/handler.go:243	Trying to Query Order By OrderID : OrderID =139
2020-12-24T16:33:05.684+0800	ERROR	handler/handler.go:347	Fail to Upload File : Error = no multipart boundary param in Content-Type
2020-12-24T16:33:05.684+0800	INFO	handler/handler.go:259	Trying to Update Order By OrderID : OrderID =139
2020-12-24T16:33:06.890+0800	INFO	handler/handler.go:243	Trying to Query Order By OrderID : OrderID =139
2020-12-24T16:33:06.890+0800	ERROR	handler/handler.go:347	Fail to Upload File : Error = no multipart boundary param in Content-Type
2020-12-24T16:33:06.890+0800	INFO	handler/handler.go:259	Trying to Update Order By OrderID : OrderID =139
2020-12-24T16:33:13.327+0800	INFO	handler/handler.go:243	Trying to Query Order By OrderID : OrderID =139
2020-12-24T16:33:13.331+0800	INFO	handler/handler.go:259	Trying to Update Order By OrderID : OrderID =139
2020-12-24T16:33:39.512+0800	INFO	handler/handler.go:48	Trying to Delete Order By InputID : InputID =139
2020-12-24T16:33:39.517+0800	INFO	handler/handler.go:60	Success!Succeed in Deleting Order By InputID : InputID =139
